
> biz-plus-server@1.0.0 dev
> nodemon --exec tsx src/server.ts

[33m[nodemon] 3.1.14[39m
[33m[nodemon] to restart at any time, enter `rs`[39m
[33m[nodemon] watching path(s): server.js src/**/* .env[39m
[33m[nodemon] watching extensions: js,mjs,cjs,json,ts[39m
[32m[nodemon] starting `tsx src/server.ts`[39m

node:internal/modules/run_main:107
    triggerUncaughtException(
    ^
Error [ERR_MODULE_NOT_FOUND]: Cannot find package 'stripe' imported from /Users/srilekha/Desktop/BHIE/server/src/services/stripeService.ts
    at Object.getPackageJSONURL (node:internal/modules/package_json_reader:301:9)
    at packageResolve (node:internal/modules/esm/resolve:764:81)
    at moduleResolve (node:internal/modules/esm/resolve:855:18)
    at defaultResolve (node:internal/modules/esm/resolve:988:11)
    at nextResolve (node:internal/modules/esm/hooks:769:28)
    at resolveBase (file:///Users/srilekha/Desktop/BHIE/server/node_modules/tsx/dist/esm/index.mjs?1775816954126:2:3744)
    at resolveDirectory (file:///Users/srilekha/Desktop/BHIE/server/node_modules/tsx/dist/esm/index.mjs?1775816954126:2:4243)
    at resolveTsPaths (file:///Users/srilekha/Desktop/BHIE/server/node_modules/tsx/dist/esm/index.mjs?1775816954126:2:4984)
    at resolve (file:///Users/srilekha/Desktop/BHIE/server/node_modules/tsx/dist/esm/index.mjs?1775816954126:2:5361)
    at nextResolve (node:internal/modules/esm/hooks:769:28) {
  code: 'ERR_MODULE_NOT_FOUND'
}

Node.js v25.8.2
[31m[nodemon] app crashed - waiting for file changes before starting...[39m
